*** Using Compiler 'V5.06 update 7 (build 960)', folder: 'D:\keil5\ARM\ARMCC\Bin'
Build target 'jkl'
assembling startup_stm32f103xe.s...
compiling stm32f1xx_hal_gpio_ex.c...
compiling main.c...
../Core/Src/main.c(64): warning:  #177-D: variable "rcvstate"  was declared but never referenced
  static uint8_t rcvstate = 0x00;
../Core/Src/main.c(65): warning:  #177-D: variable "tempdata"  was declared but never referenced
  static uint32_t tempdata = 0;
../Core/Src/main.c: 2 warnings, 0 errors
compiling stm32f1xx_hal_msp.c...
compiling stm32f1xx_it.c...
compiling stm32f1xx_hal_timebase_tim.c...
compiling gpio.c...
compiling stm32f1xx_hal.c...
compiling spi.c...
compiling usart.c...
compiling AS5048.c...
compiling stm32f1xx_hal_spi.c...
compiling stm32f1xx_hal_rcc.c...
compiling stm32f1xx_hal_gpio.c...
compiling stm32f1xx_hal_rcc_ex.c...
compiling stm32f1xx_hal_cortex.c...
compiling stm32f1xx_hal_flash.c...
compiling stm32f1xx_hal_pwr.c...
compiling stm32f1xx_hal_flash_ex.c...
compiling stm32f1xx_hal_dma.c...
compiling stm32f1xx_hal_exti.c...
compiling system_stm32f1xx.c...
compiling stm32f1xx_hal_tim_ex.c...
compiling stm32f1xx_hal_uart.c...
compiling stm32f1xx_hal_tim.c...
linking...
Program Size: Code=12280 RO-data=476 RW-data=20 ZI-data=1540  
FromELF: creating hex file...
"jkl\jkl.axf" - 0 Error(s), 2 Warning(s).
Build Time Elapsed:  00:00:16
